/usr/lib/python3/dist-packages/scipy/__init__.py:146: UserWarning: A NumPy version >=1.17.3 and <1.25.0 is required for this version of SciPy (detected version 1.26.4
  warnings.warn(f"A NumPy version >={np_minversion} and <{np_maxversion}"
Found 10 LIBERO task files
Computing norm stats ...
Saved norm stats to data/libero_spatial/libero_spatial/norm_stats.pt
Loading GR-1 encoder from checkpoints/gr1/snapshot_ABCD.pt ...
[GR1Encoder] Missing keys (453): ['transformer.wpe.weight', 'model_clip.positional_embedding', 'model_clip.text_projection', 'model_clip.logit_scale', 'model_clip.visual.class_embedding']...
  feat_dim = 384
  Caching pick_up_the_black_bowl_between_the_plate_and_the_ramekin_and_place_it_on_the_plate_demo ...
    5018 transitions → data/libero_spatial/features/pick_up_the_black_bowl_between_the_plate_and_the_ramekin_and_place_it_on_the_plate_demo_features.pt (39.9s)
  Caching pick_up_the_black_bowl_from_table_center_and_place_it_on_the_plate_demo ...
    5832 transitions → data/libero_spatial/features/pick_up_the_black_bowl_from_table_center_and_place_it_on_the_plate_demo_features.pt (47.6s)
  Caching pick_up_the_black_bowl_in_the_top_drawer_of_the_wooden_cabinet_and_place_it_on_the_plate_demo ...
    7429 transitions → data/libero_spatial/features/pick_up_the_black_bowl_in_the_top_drawer_of_the_wooden_cabinet_and_place_it_on_the_plate_demo_features.pt (63.3s)
  Caching pick_up_the_black_bowl_next_to_the_cookie_box_and_place_it_on_the_plate_demo ...
    6262 transitions → data/libero_spatial/features/pick_up_the_black_bowl_next_to_the_cookie_box_and_place_it_on_the_plate_demo_features.pt (55.7s)
  Caching pick_up_the_black_bowl_next_to_the_plate_and_place_it_on_the_plate_demo ...
    5913 transitions → data/libero_spatial/features/pick_up_the_black_bowl_next_to_the_plate_and_place_it_on_the_plate_demo_features.pt (53.9s)
  Caching pick_up_the_black_bowl_next_to_the_ramekin_and_place_it_on_the_plate_demo ...
    6657 transitions → data/libero_spatial/features/pick_up_the_black_bowl_next_to_the_ramekin_and_place_it_on_the_plate_demo_features.pt (61.2s)
  Caching pick_up_the_black_bowl_on_the_cookie_box_and_place_it_on_the_plate_demo ...
    5002 transitions → data/libero_spatial/features/pick_up_the_black_bowl_on_the_cookie_box_and_place_it_on_the_plate_demo_features.pt (46.2s)
  Caching pick_up_the_black_bowl_on_the_ramekin_and_place_it_on_the_plate_demo ...
    5746 transitions → data/libero_spatial/features/pick_up_the_black_bowl_on_the_ramekin_and_place_it_on_the_plate_demo_features.pt (53.0s)
  Caching pick_up_the_black_bowl_on_the_stove_and_place_it_on_the_plate_demo ...
    7061 transitions → data/libero_spatial/features/pick_up_the_black_bowl_on_the_stove_and_place_it_on_the_plate_demo_features.pt (65.2s)
  Caching pick_up_the_black_bowl_on_the_wooden_cabinet_and_place_it_on_the_plate_demo ...
    6830 transitions → data/libero_spatial/features/pick_up_the_black_bowl_on_the_wooden_cabinet_and_place_it_on_the_plate_demo_features.pt (63.1s)

Done. Manifest: data/libero_spatial/features/manifest.json
